[0.042s] Invoking command in '/home/rsa/colcon_ws/src/wall_follower/build/wall_follower': CMAKE_PREFIX_PATH=${CMAKE_PREFIX_PATH}:/opt/ros/foxy /usr/bin/cmake /home/rsa/colcon_ws/src/wall_follower -DCMAKE_INSTALL_PREFIX=/home/rsa/colcon_ws/src/wall_follower/install/wall_follower
[2.026s] -- The C compiler identification is GNU 9.4.0
[2.811s] -- The CXX compiler identification is GNU 9.4.0
[2.983s] -- Check for working C compiler: /usr/bin/cc
[3.337s] -- Check for working C compiler: /usr/bin/cc -- works
[3.385s] -- Detecting C compiler ABI info
[3.585s] -- Detecting C compiler ABI info - done
[3.619s] -- Detecting C compile features
[3.622s] -- Detecting C compile features - done
[3.681s] -- Check for working CXX compiler: /usr/bin/c++
[3.840s] -- Check for working CXX compiler: /usr/bin/c++ -- works
[3.841s] -- Detecting CXX compiler ABI info
[4.199s] -- Detecting CXX compiler ABI info - done
[4.234s] -- Detecting CXX compile features
[4.234s] -- Detecting CXX compile features - done
[4.545s] -- Found ament_cmake: 0.9.12 (/opt/ros/foxy/share/ament_cmake/cmake)
[4.649s] -- Found PythonInterp: /usr/bin/python3 (found suitable version "3.8.10", minimum required is "3") 
[4.649s] -- Using PYTHON_EXECUTABLE: /usr/bin/python3
[5.364s] -- Found rclcpp: 2.4.3 (/opt/ros/foxy/share/rclcpp/cmake)
[5.993s] -- Using all available rosidl_typesupport_c: rosidl_typesupport_fastrtps_c;rosidl_typesupport_introspection_c
[6.130s] -- Found rosidl_adapter: 1.3.1 (/opt/ros/foxy/share/rosidl_adapter/cmake)
[6.845s] -- Found OpenSSL: /usr/lib/x86_64-linux-gnu/libcrypto.so (found version "1.1.1f")  
[6.922s] -- Found FastRTPS: /opt/ros/foxy/include  
[7.243s] -- Using all available rosidl_typesupport_cpp: rosidl_typesupport_fastrtps_cpp;rosidl_typesupport_introspection_cpp
[7.494s] -- Found rmw_implementation_cmake: 1.0.4 (/opt/ros/foxy/share/rmw_implementation_cmake/cmake)
[7.516s] -- Using RMW implementation 'rmw_fastrtps_cpp' as default
[7.523s] -- Looking for pthread.h
[7.703s] -- Looking for pthread.h - found
[7.704s] -- Performing Test CMAKE_HAVE_LIBC_PTHREAD
[7.939s] -- Performing Test CMAKE_HAVE_LIBC_PTHREAD - Failed
[7.940s] -- Looking for pthread_create in pthreads
[8.142s] -- Looking for pthread_create in pthreads - not found
[8.143s] -- Looking for pthread_create in pthread
[8.340s] -- Looking for pthread_create in pthread - found
[8.340s] -- Found Threads: TRUE  
[8.994s] -- Found rclpy: 1.0.13 (/opt/ros/foxy/share/rclpy/cmake)
[9.022s] -- Found geometry_msgs: 2.0.5 (/opt/ros/foxy/share/geometry_msgs/cmake)
[9.134s] -- Found nav_msgs: 2.0.5 (/opt/ros/foxy/share/nav_msgs/cmake)
[9.262s] -- Found sensor_msgs: 2.0.5 (/opt/ros/foxy/share/sensor_msgs/cmake)
[9.557s] -- Found tf2: 0.13.14 (/opt/ros/foxy/share/tf2/cmake)
[9.830s] -- Configuring done
[9.865s] -- Generating done
[9.879s] -- Build files have been written to: /home/rsa/colcon_ws/src/wall_follower/build/wall_follower
[9.932s] Invoked command in '/home/rsa/colcon_ws/src/wall_follower/build/wall_follower' returned '0': CMAKE_PREFIX_PATH=${CMAKE_PREFIX_PATH}:/opt/ros/foxy /usr/bin/cmake /home/rsa/colcon_ws/src/wall_follower -DCMAKE_INSTALL_PREFIX=/home/rsa/colcon_ws/src/wall_follower/install/wall_follower
[9.933s] Invoking command in '/home/rsa/colcon_ws/src/wall_follower/build/wall_follower': CMAKE_PREFIX_PATH=${CMAKE_PREFIX_PATH}:/opt/ros/foxy /usr/bin/cmake --build /home/rsa/colcon_ws/src/wall_follower/build/wall_follower -- -j4 -l4
[10.020s] [35m[1mScanning dependencies of target wall_follower[0m
[11.489s] [ 50%] [32mBuilding CXX object CMakeFiles/wall_follower.dir/src/wall_follower.cpp.o[0m
[14.355s] [01m[K/home/rsa/colcon_ws/src/wall_follower/src/wall_follower.cpp:[m[K In member function â€˜[01m[Kvoid WallFollower::update_callback()[m[Kâ€™:
[14.356s] [01m[K/home/rsa/colcon_ws/src/wall_follower/src/wall_follower.cpp:181:3:[m[K [01;31m[Kerror: [m[Kexpected â€˜[01m[K;[m[Kâ€™ before â€˜[01m[K}[m[Kâ€™ token
[14.357s]   181 |   [01;31m[K}[m[K else {
[14.357s]       |   [01;31m[K^[m[K
[14.357s] [01m[K/home/rsa/colcon_ws/src/wall_follower/src/wall_follower.cpp:194:3:[m[K [01;31m[Kerror: [m[Kexpected â€˜[01m[K;[m[Kâ€™ before â€˜[01m[K}[m[Kâ€™ token
[14.357s]   194 |   [01;31m[K}[m[K else {
[14.357s]       |   [01;31m[K^[m[K
[14.357s] [01m[K/home/rsa/colcon_ws/src/wall_follower/src/wall_follower.cpp:216:26:[m[K [01;31m[Kerror: [m[Kexpected â€˜[01m[K;[m[Kâ€™ before â€˜[01m[Kturning_left[m[Kâ€™
[14.357s]   216 |    prev_yaw = robot_pose_
[14.357s]       |                          [01;31m[K^[m[K
[14.357s]       |                          [32m[K;[m[K
[14.357s]   217 |    [32m[Kturning_left[m[K = true;
[14.357s]       |    [32m[K~~~~~~~~~~~~[m[K           
[14.357s] [01m[K/home/rsa/colcon_ws/src/wall_follower/src/wall_follower.cpp:228:26:[m[K [01;31m[Kerror: [m[Kexpected â€˜[01m[K;[m[Kâ€™ before â€˜[01m[Kturning_right[m[Kâ€™
[14.357s]   228 |    prev_yaw = robot_pose_
[14.357s]       |                          [01;31m[K^[m[K
[14.357s]       |                          [32m[K;[m[K
[14.358s]   229 |    [32m[Kturning_right[m[K = true;
[14.358s]       |    [32m[K~~~~~~~~~~~~~[m[K          
[18.067s] make[2]: *** [CMakeFiles/wall_follower.dir/build.make:63: CMakeFiles/wall_follower.dir/src/wall_follower.cpp.o] Error 1
[18.067s] make[1]: *** [CMakeFiles/Makefile2:78: CMakeFiles/wall_follower.dir/all] Error 2
[18.068s] make: *** [Makefile:141: all] Error 2
[18.077s] Invoked command in '/home/rsa/colcon_ws/src/wall_follower/build/wall_follower' returned '2': CMAKE_PREFIX_PATH=${CMAKE_PREFIX_PATH}:/opt/ros/foxy /usr/bin/cmake --build /home/rsa/colcon_ws/src/wall_follower/build/wall_follower -- -j4 -l4
